<?xml version="1.0" encoding="UTF-8"?>
<!-- Generated by org.testng.reporters.JUnitReportReporter -->
<testsuite hostname="DESKTOP-UMASEEC" failures="0" tests="5" name="TestCase.GoogleResultTest" time="21.887" errors="0" timestamp="13 Dec 2020 23:10:05 GMT">
  <testcase classname="TestCase.GoogleResultTest" name="GoogleResult" time="3.618"/>
  <testcase classname="TestCase.GoogleResultTest" name="GoogleResult" time="5.041"/>
  <testcase classname="TestCase.GoogleResultTest" name="GoogleResult" time="3.918"/>
  <testcase classname="TestCase.GoogleResultTest" name="GoogleResult" time="5.330"/>
  <testcase classname="TestCase.GoogleResultTest" name="GoogleResult" time="3.980"/>
</testsuite> <!-- TestCase.GoogleResultTest -->
