<?xml version="1.0" encoding="UTF-8"?>
<!-- Generated by org.testng.reporters.JUnitReportReporter -->
<testsuite hostname="DESKTOP-UMASEEC" failures="0" tests="1" name="GoogleHomeTest" time="1.347" errors="0" timestamp="13 Dec 2020 03:00:17 GMT">
  <testcase classname="GoogleHomeTest" name="searchTest" time="1.347"/>
</testsuite> <!-- GoogleHomeTest -->
