<?xml version="1.0" encoding="UTF-8"?>
<!-- Generated by org.testng.reporters.JUnitReportReporter -->
<testsuite hostname="DESKTOP-UMASEEC" failures="0" tests="1" name="TestCase.GoogleHomeTest" time="2.311" errors="0" timestamp="13 Dec 2020 23:10:05 GMT">
  <testcase classname="TestCase.GoogleHomeTest" name="searchTest" time="2.311"/>
</testsuite> <!-- TestCase.GoogleHomeTest -->
